commit 01f845a982ac351b8757b254e60b5cb927c71437
Author: faydin-tgm <faydin@student.tgm.ac.at>
Date:   Fri Jan 11 14:13:07 2019 +0100

    Report.md erweitert

 .idea/workspace.xml | 30 +++++++++++++-----------------
 REPORT.md           |  3 ++-
 2 files changed, 15 insertions(+), 18 deletions(-)

commit 532616dadaaeccc30a758fd95a9d8ba61be3d4e7
Author: faydin-tgm <faydin@student.tgm.ac.at>
Date:   Fri Jan 11 14:10:57 2019 +0100

    Report.md erstellt

 REPORT.md | 10 ++++++++++
 1 file changed, 10 insertions(+)

commit 027b0b94fbbe1e7e056186cb9cda4af52733f40e
Author: faydin-tgm <faydin@student.tgm.ac.at>
Date:   Fri Jan 11 14:10:33 2019 +0100

    Änderungen Book zu Todo

 .idea/dictionaries/Fatih_Aydin.xml              |   3 +
 .idea/workspace.xml                             | 234 +++++++++++++++----
 client/index.html                               |   2 +-
 client/src/components/{Books.vue => Books_.vue} |   0
 client/src/components/Todos.vue                 | 287 ++++++++++++++++++++++++
 client/src/router/index.js                      |   6 +-
 server/app.py                                   |  85 +------
 7 files changed, 488 insertions(+), 129 deletions(-)

commit 8ac8f4990191db9b6b10ca7994d0550ae6b6d7c9
Author: faydin-tgm <faydin@student.tgm.ac.at>
Date:   Fri Jan 11 13:24:52 2019 +0100

    Port geändert, TODO-Liste und CRUD Befehle

 .idea/flask-vue-crud.iml |  11 ++
 .idea/misc.xml           |   4 +
 .idea/modules.xml        |   8 ++
 .idea/vcs.xml            |   6 ++
 .idea/workspace.xml      | 259 +++++++++++++++++++++++++++++++++++++++++++++++
 server/app.py            |  70 ++++++++++++-
 6 files changed, 357 insertions(+), 1 deletion(-)

commit 4b122047acb56c7fd441dbcc61c1b6bd10467eba
Merge: 6793022 7f9fa9b
Author: Michael Herman <hermanmu@gmail.com>
Date:   Mon Aug 13 07:32:24 2018 -0600

    Merge pull request #3 from testdrivenio/add-license-1
    
    Create LICENSE

commit 7f9fa9bd8c28c81dc89f3081746da47a98405632
Author: Michael Herman <hermanmu@gmail.com>
Date:   Mon Aug 13 07:32:03 2018 -0600

    Create LICENSE

 LICENSE | 21 +++++++++++++++++++++
 1 file changed, 21 insertions(+)

commit 6793022a2e2b278fd3e460a4d9f75fecbe6d4040
Author: Michael Herman <hermanmu@gmail.com>
Date:   Mon Jun 11 06:55:33 2018 -0600

    added v2

 README.md                               |  30 ++++--
 client/index.html                       |   3 +-
 client/src/components/Books.vue         | 108 ++++++++++++++-------
 client/src/components/Order.vue         | 161 ++++++++++++++++++++++++++++++++
 client/src/components/OrderComplete.vue |  39 ++++++++
 client/src/router/index.js              |  12 +++
 server/app.py                           |  54 +++++++++--
 server/requirements.txt                 |   1 +
 8 files changed, 357 insertions(+), 51 deletions(-)

commit 577c4bf905d598eb5f82c796a718f436a7ffc0b4
Author: Michael Herman <hermanmu@gmail.com>
Date:   Sat Jun 9 11:35:19 2018 -0600

    refactored duplicate id

 client/src/components/Books.vue | 14 +++++++-------
 1 file changed, 7 insertions(+), 7 deletions(-)

commit 07453066641aa0d8e454f2f1984602f32beb57d1
Author: Michael Herman <hermanmu@gmail.com>
Date:   Thu Jun 7 07:30:38 2018 -0600

    updates to the gitignore and readme, minor code changes to the Books component

 .gitignore                      | 1 +
 README.md                       | 3 ++-
 client/src/components/Books.vue | 4 ++--
 3 files changed, 5 insertions(+), 3 deletions(-)

commit 97891679298f43a7edd0c90fd0cbee44d192dff6
Author: Michael Herman <hermanmu@gmail.com>
Date:   Tue May 29 07:21:36 2018 -0600

    updated readme

 README.md | 6 +++---
 1 file changed, 3 insertions(+), 3 deletions(-)

commit 1f4d890da47b80abfc4d0dfc950fc40d9d924f9a
Author: Michael Herman <hermanmu@gmail.com>
Date:   Sat May 26 18:25:36 2018 -0600

    init

 .gitignore                           |   4 +
 README.md                            |  30 +++++
 client/.babelrc                      |  12 ++
 client/.editorconfig                 |   9 ++
 client/.eslintignore                 |   4 +
 client/.eslintrc.js                  |  50 +++++++
 client/.postcssrc.js                 |  10 ++
 client/README.md                     |  21 +++
 client/build/build.js                |  41 ++++++
 client/build/check-versions.js       |  54 ++++++++
 client/build/logo.png                | Bin 0 -> 6849 bytes
 client/build/utils.js                | 101 ++++++++++++++
 client/build/vue-loader.conf.js      |  22 +++
 client/build/webpack.base.conf.js    |  92 +++++++++++++
 client/build/webpack.dev.conf.js     |  95 +++++++++++++
 client/build/webpack.prod.conf.js    | 145 ++++++++++++++++++++
 client/config/dev.env.js             |   7 +
 client/config/index.js               |  76 +++++++++++
 client/config/prod.env.js            |   4 +
 client/index.html                    |  12 ++
 client/package.json                  |  74 ++++++++++
 client/src/App.vue                   |  17 +++
 client/src/assets/logo.png           | Bin 0 -> 6849 bytes
 client/src/components/Alert.vue      |  12 ++
 client/src/components/Books.vue      | 254 +++++++++++++++++++++++++++++++++++
 client/src/components/HelloWorld.vue | 113 ++++++++++++++++
 client/src/components/Ping.vue       |  34 +++++
 client/src/main.js                   |  17 +++
 client/src/router/index.js           |  22 +++
 client/static/.gitkeep               |   0
 server/app.py                        |  90 +++++++++++++
 server/requirements.txt              |   2 +
 32 files changed, 1424 insertions(+)
